<html>
<body>
<pre>
<h1>µVision Build Log</h1>
<h2>Tool Versions:</h2>
IDE-Version: ¦ÌVision V5.41.0.0
Copyright (C) 2024 ARM Ltd and ARM Germany GmbH. All rights reserved.
License Information: kk Administrator, kk, LIC=76F5U-SE2W4-UH28H-WUT5A-YVSY4-0I1SQ
 
Tool Versions:
Toolchain:       MDK-ARM Plus  Version: 5.41.0.0
Toolchain Path:  C:\Keil_v5\ARM\ARMCC\Bin
C Compiler:      Armcc.exe V5.06 update 6 (build 750)
Assembler:       Armasm.exe V5.06 update 6 (build 750)
Linker/Locator:  ArmLink.exe V5.06 update 6 (build 750)
Library Manager: ArmAr.exe V5.06 update 6 (build 750)
Hex Converter:   FromElf.exe V5.06 update 6 (build 750)
CPU DLL:         SARMCM3.DLL V5.41.0.0
Dialog DLL:      DCM.DLL V1.17.5.0
Target DLL:      STLink\ST-LINKIII-KEIL_SWO.dll V3.3.0.0
Dialog DLL:      TCM.DLL V1.56.4.0
 
<h2>Project:</h2>
C:\Single_arm\arm\MDK-ARM\arm.uvprojx
Project File Date:  12/17/2024

<h2>Output:</h2>
*** Using Compiler 'V5.06 update 6 (build 750)', folder: 'C:\Keil_v5\ARM\ARMCC\Bin'
Build target 'arm'
compiling control.c...
..\HARDWARE\control.h(83): warning:  #1-D: last line of file ends without a newline
  #endif
..\HARDWARE\control.c(147): error:  #20: identifier "used_tar_x" is undefined
  	used_tar_x = tar_x;
..\HARDWARE\control.c(148): error:  #20: identifier "used_tar_y" is undefined
  	used_tar_y = tar_y;
..\HARDWARE\control.c(150): error:  #20: identifier "pulse1" is undefined
  	pulse1 = 0;
..\HARDWARE\control.c(151): error:  #20: identifier "pulse2" is undefined
  	pulse2 = 0;
..\HARDWARE\control.c(152): error:  #165: too few arguments in function call
  	set_dir(tar_x, tar_y);
..\HARDWARE\control.c(153): error:  #20: identifier "tar_x_last" is undefined
  	if ((tar_x - tar_x_last != 0) && !x_is_running)
..\HARDWARE\control.c(153): error:  #20: identifier "x_is_running" is undefined
  	if ((tar_x - tar_x_last != 0) && !x_is_running)
..\HARDWARE\control.c(157): error:  #20: identifier "DEGREE_PER_PULSE" is undefined
  			pulse1 = (tar_x - tar_x_last) / DEGREE_PER_PULSE;
..\HARDWARE\control.c(161): error:  #20: identifier "DEGREE_PER_PULSE" is undefined
  			pulse1 = (tar_x_last - tar_x) / DEGREE_PER_PULSE;
..\HARDWARE\control.c(167): error:  #20: identifier "flag" is undefined
  		flag[0] = 0x00;
..\HARDWARE\control.c(169): error:  #20: identifier "tar_y_last" is undefined
  	if ((tar_y - tar_y_last != 0) && !y_is_running)
..\HARDWARE\control.c(169): error:  #20: identifier "y_is_running" is undefined
  	if ((tar_y - tar_y_last != 0) && !y_is_running)
..\HARDWARE\control.c(173): error:  #20: identifier "DEGREE_PER_PULSE" is undefined
  			pulse2 = (tar_y - tar_y_last) / DEGREE_PER_PULSE;
..\HARDWARE\control.c(177): error:  #20: identifier "DEGREE_PER_PULSE" is undefined
  			pulse2 = (tar_y_last - tar_y) / DEGREE_PER_PULSE;
..\HARDWARE\control.c(182): error:  #20: identifier "flag" is undefined
  		flag[0] = 0x00;
..\HARDWARE\control.c(201): error:  #20: identifier "empty_frame" is undefined
  	memcpy(angle_frame+10, empty_frame, 24);
..\HARDWARE\control.c(202): error:  #167: argument of type "uint8_t" is incompatible with parameter of type "const void *restrict"
  	memcpy(angle_frame+34, frame_foot, 1);
..\HARDWARE\control.c(213): error:  #20: identifier "tar_x_last" is undefined
  	tar_x_last=0;
..\HARDWARE\control.c(214): error:  #20: identifier "tar_y_last" is undefined
    tar_y_last=90;
..\HARDWARE\control.c(216): error:  #20: identifier "x_is_running" is undefined
    x_is_running=false;
..\HARDWARE\control.c(217): error:  #20: identifier "y_is_running" is undefined
    y_is_running=false;
..\HARDWARE\control.c(219): error:  #20: identifier "dir_x" is undefined
    dir_x = 0, dir_y = 0;
..\HARDWARE\control.c(219): error:  #20: identifier "dir_y" is undefined
    dir_x = 0, dir_y = 0;
..\HARDWARE\control.c(220): error:  #20: identifier "count_1" is undefined
    count_1 = 0, count_2 = 0;
..\HARDWARE\control.c(220): error:  #20: identifier "count_2" is undefined
    count_1 = 0, count_2 = 0;
..\HARDWARE\control.c(221): error:  #20: identifier "pulse1" is undefined
    pulse1=0, pulse2=0;
..\HARDWARE\control.c(221): error:  #20: identifier "pulse2" is undefined
    pulse1=0, pulse2=0;
..\HARDWARE\control.c(222): error:  #20: identifier "degree_x" is undefined
    degree_x = 0, degree_y = 0;
..\HARDWARE\control.c(222): error:  #20: identifier "degree_y" is undefined
    degree_x = 0, degree_y = 0;
..\HARDWARE\control.c(290): warning:  #1035-D: single-precision operand implicitly converted to double-precision
  		if((count % (int)(PERIOD_PER_MM_L / 2)) == 0)
..\HARDWARE\control.c(294): warning:  #1035-D: single-precision operand implicitly converted to double-precision
  		if((count % (int)(PERIOD_PER_MM_R / 2)) == 0)
..\HARDWARE\control.c(270): warning:  #177-D: variable "step_motor_rise"  was declared but never referenced
  		static int step_motor_rise[6] = {0, 0, 0, 0, 0, 0};
..\HARDWARE\control.c(273): warning:  #177-D: variable "step_motor_period"  was declared but never referenced
  		static int step_motor_period[6];
..\HARDWARE\control.c: 5 warnings, 29 errors
"arm\arm.axf" - 29 Error(s), 5 Warning(s).

<h2>Software Packages used:</h2>

Package Vendor: ARM
                https://www.keil.com/pack/ARM.CMSIS.6.1.0.pack
                ARM::CMSIS@6.1.0
                CMSIS (Common Microcontroller Software Interface Standard)
   * Component: CORE Version: 6.1.0

Package Vendor: Keil
                https://www.keil.com/pack/Keil.STM32F4xx_DFP.3.0.0.pack
                Keil::STM32F4xx_DFP@3.0.0
                STMicroelectronics STM32F4 Series Device Support

<h2>Collection of Component include folders:</h2>
  ./RTE/_arm
  C:/Keil_v5/ARM/Packs/ARM/CMSIS/6.1.0/CMSIS/Core/Include

<h2>Collection of Component Files used:</h2>

   * Component: ARM::CMSIS:CORE@6.1.0
      Include file:  CMSIS/Core/Include/tz_context.h
Target not created.
Build Time Elapsed:  00:00:02
</pre>
</body>
</html>
